[19:58:03] [ERROR] Cannot create COM object: Outlook.Application - Retrieving the COM class factory for component with CLSID {00000000-0000-0000-0000-000000000000} failed due to the following error: 80040154 Class not registered (Exception from HRESULT: 0x80040154 (REGDB_E_CLASSNOTREG)).
[19:58:03] [ERROR] Outlook unavailable. Is Microsoft Office installed?
[19:59:10] [SUCCESS] Weekly report generated
[19:59:13] [SUCCESS] Template saved: C:\Users\zheti001\.myagents\projects\mino\windows\hub\..\briefs\brief-2026-07-23.md
[20:01:19] [SUCCESS] Weekly report generated
[20:01:23] [ERROR] Admin privileges required. Run as administrator.
[20:01:50] [SUCCESS] Weekly report generated
[20:04:10] [ERROR] Cannot create COM object: Outlook.Application - Retrieving the COM class factory for component with CLSID {00000000-0000-0000-0000-000000000000} failed due to the following error: 80040154 Class not registered (Exception from HRESULT: 0x80040154 (REGDB_E_CLASSNOTREG)).
[20:04:10] [ERROR] Outlook unavailable. Is Microsoft Office installed?
[20:06:43] [ERROR] Cannot open workbook: C:/Users/zheti001/.myagents/projects/mino/windows/test/sales-test.xlsx - Value does not fall within the expected range.
[21:45:33] [SUCCESS] Exported: C:/Users/zheti001/.myagents/projects/mino/windows/test/sales-test.pdf
[21:46:25] [SUCCESS] Exported: C:/Users/zheti001/.myagents/projects/mino/windows/test/sales-report.pdf
[21:49:24] [SUCCESS] Template saved: C:\Users\zheti001\.myagents\projects\mino\windows\hub\..\briefs\brief-2026-07-23.md
[21:49:41] [ERROR] Admin privileges required. Run as administrator.
[21:54:31] [SUCCESS] Header format: A1:E1
[21:54:35] [SUCCESS] Table 'SalesData' created from A1:E16
[21:55:17] [ERROR] File not found: C:/Users/zheti001/.myagents/projects/mino/windows/test/brief-test.xlsx
[21:55:23] [SUCCESS] Formula set: F2 = SUM(C2:C16)
[21:55:30] [SUCCESS] AutoFilter on: UsedRange
[21:56:51] [SUCCESS] Financial brief template: C:\Users\zheti001\.myagents\projects\mino\windows\test\brief-test.xlsx
[21:56:55] [SUCCESS] Sorted A1:E16 by C2
[21:57:02] [SUCCESS] PDF: C:/Users/zheti001/.myagents/projects/mino/windows/test/brief-export.pdf
[21:57:14] [SUCCESS] Number format: C2:C16
[21:57:18] [SUCCESS] Named range: SalesRevenue = C2:C16
[21:57:24] [SUCCESS] Chart created: Revenue by Product
[22:03:08] [SUCCESS] Wrote 8 x 5 array to A1
[22:03:47] [SUCCESS] Wrote 8 x 5 array to A1
[22:05:32] [SUCCESS] Bold: A1:E1
[22:05:32] [SUCCESS] Header format: A1:E1
[22:05:32] [SUCCESS] Center: A1:E1
[22:05:42] [SUCCESS] Formula set: F1 = 合计
[22:05:46] [SUCCESS] Formula set: F2 = =SUM(B2:E2)
[22:06:06] [SUCCESS] Table 'SalesTable' created from A1:E8
[22:06:15] [ERROR] Sort failed: Exception from HRESULT: 0x800A03EC
[22:06:43] [SUCCESS] Sorted A1:E8 by B1 (desc)
[22:07:00] [SUCCESS] AutoFilter on: A1:E8
[22:07:09] [SUCCESS] Merged: A10:C10
[22:07:20] [SUCCESS] Chart created: 季度销售趋势
[22:07:28] [SUCCESS] Named range: SalesData = A1:E8
[22:07:37] [SUCCESS] Pivot table created at A12
[22:07:45] [ERROR] PDF failed: 无法保存该文档。该文档可能已被打开，或者保存时出错。
[22:08:11] [SUCCESS] PDF: C:\Users\zheti001\.myagents\projects\mino\windows\test\sales-report.pdf
[22:08:33] [SUCCESS] Financial brief template: C:\Users\zheti001\.myagents\projects\mino\windows\test\brief-test.xlsx
[22:08:40] [SUCCESS] PDF: C:\Users\zheti001\.myagents\projects\mino\windows\test\brief-export.pdf
[22:22:46] [SUCCESS] Wrote 9 x 6 array to A1
[22:22:53] [SUCCESS] Bold: A1:F1
[22:22:53] [SUCCESS] Header format: A1:F1
[22:22:53] [SUCCESS] Center: A1:F1
[22:23:02] [SUCCESS] Data bar applied to B2:B9
[22:23:04] [SUCCESS] Color scale (red-green) applied to D2:D9
[22:23:06] [SUCCESS] Icon set (traffic lights) applied to E2:E9
[22:23:14] [ERROR] Validate failed: Exception from HRESULT: 0x800A03EC
[22:23:18] [ERROR] Validate failed: Exception from HRESULT: 0x800A03EC
[22:23:20] [ERROR] Validate failed: Exception from HRESULT: 0x800A03EC
[22:23:48] [ERROR] Validate failed: Exception from HRESULT: 0x800A03EC
[22:24:06] [ERROR] Validate failed: Exception from HRESULT: 0x800A03EC
[22:25:04] [SUCCESS] Dropdown validation: F2:F9
[22:25:13] [SUCCESS] Number validation [1000,50000]: B2:B9
[22:25:15] [ERROR] Sparkline failed: Exception from HRESULT: 0x800A03EC
[22:25:27] [SUCCESS] LINE sparkline: G2:G9 <- B2:E9
[22:25:36] [SUCCESS] Formula set: B10 = =SUM(B2:B9)
[22:25:39] [SUCCESS] Formula set: D10 = =SUM(D2:D9)
[22:25:42] [SUCCESS] Formula set: H1 = 利润率
[22:25:44] [SUCCESS] Formula set: H2 = =D2/B2
[22:25:57] [ERROR] GoalSeek failed: Cannot convert value "150000 B2" to type "System.Double". Error: "Input string was not in a correct format."
[22:26:16] [SUCCESS] Goal Seek: B10 = 150000 when B2 = 35500 (was 12000)
[22:26:25] [SUCCESS] Pivot table created at H12
[22:26:27] [ERROR] PivotTable 'PivotTable1' not found
[22:27:02] [ERROR] CalcField failed: Method invocation failed because [System.Management.Automation.PSMethod] does not contain a method named 'Add'.
[22:27:49] [ERROR] CalcField failed: 不能设置类 PivotField 的 Function 属性
[22:27:51] [SUCCESS] Protected: Sheet1 (UserInterfaceOnly, sort+filter+pivot allowed)
[22:28:16] [ERROR] CalcField failed: 受保护的工作表包含基于相同源数据的其他数据透视表报表时，无法执行此命令。

要撤消对包含有其他包表的工作表的保护，请单击该工作表选项卡，然后单击“取消保护工作表”(“审阅”选项卡，保护组)。然后重试此命令。
[22:28:26] [SUCCESS] Unprotected: Sheet1
[22:28:30] [SUCCESS] Calculated field '毛利率' (=利润/收入) added to PivotTable7278
[22:28:42] [SUCCESS] Protected: Sheet1 (UserInterfaceOnly, sort+filter+pivot allowed)
[22:28:45] [SUCCESS] Unprotected: Sheet1
